Arguments: 
  C:\Program Files\nodejs\node.exe C:\Program Files (x86)\Yarn\bin\yarn.js add tfjs-node

PATH: 
  C:\Python3\Scripts\;C:\Python3\;C:\Perl64\site\bin;C:\Perl64\bin;C:\Program Files (x86)\Intel\iCLS Client\;C:\Program Files\Intel\iCLS Client\;C:\WINDOWS\system32;C:\WINDOWS;C:\WINDOWS\System32\Wbem;C:\WINDOWS\System32\WindowsPowerShell\v1.0\;C:\Program Files (x86)\Intel\Intel(R) Management Engine Components\DAL;C:\Program Files\Intel\Intel(R) Management Engine Components\DAL;C:\Program Files (x86)\Intel\Intel(R) Management Engine Components\IPT;C:\Program Files\Intel\Intel(R) Management Engine Components\IPT;C:\Program Files (x86)\Skype\Phone\;C:\Program Files (x86)\Windows Live\Shared;C:\Python27;C:\Python27\Scripts\;C:\Program Files\nodejs\;C:\php;C:\Apache24;C:\Apache24\bin;C:\Program Files (x86)\Tesseract-OCR;C:\WINDOWS\System32\OpenSSH\;D:\Softwares\sdk-tools;D:\Softwares\sdk-tools\bin;D:\Softwares\MATLAB\runtime\win64;D:\Softwares\MATLAB\bin;C:\Program Files\Git\cmd;C:\Program Files\Java\jdk-11.0.3\bin;C:\Program Files (x86)\Yarn\bin\;C:\Users\Hitendra\AppData\Local\Programs\Python\Python36-32\Scripts\;C:\Users\Hitendra\AppData\Local\Programs\Python\Python36-32\;C:\Program Files\Java\jdk1.8.0_121\bin;C:\Users\Hitendra\AppData\Roaming\npm;C:\Users\Hitendra\AppData\Local\Microsoft\WindowsApps;C:\Users\Hitendra\AppData\Local\GitHubDesktop\bin;C:\Users\Hitendra\AppData\Local\Yarn\bin

Yarn version: 
  1.19.1

Node version: 
  8.9.3

Platform: 
  win32 x64

Trace: 
  Error: https://registry.yarnpkg.com/tfjs-node: Not found
      at Request.params.callback [as _callback] (C:\Program Files (x86)\Yarn\lib\cli.js:66035:18)
      at Request.self.callback (C:\Program Files (x86)\Yarn\lib\cli.js:140564:22)
      at emitTwo (events.js:126:13)
      at Request.emit (events.js:214:7)
      at Request.<anonymous> (C:\Program Files (x86)\Yarn\lib\cli.js:141536:10)
      at emitOne (events.js:116:13)
      at Request.emit (events.js:211:7)
      at IncomingMessage.<anonymous> (C:\Program Files (x86)\Yarn\lib\cli.js:141458:12)
      at Object.onceWrapper (events.js:313:30)
      at emitNone (events.js:111:20)

npm manifest: 
  {
    "dependencies": {
      "train": "^4.4.1"
    }
  }

yarn manifest: 
  No manifest

Lockfile: 
  # THIS IS AN AUTOGENERATED FILE. DO NOT EDIT THIS FILE DIRECTLY.
  # yarn lockfile v1
  
  
  bolgia@>=2.7.3:
    version "2.8.3"
    resolved "https://registry.yarnpkg.com/bolgia/-/bolgia-2.8.3.tgz#bae607317a33fbda0c322297b43afd239ea739d2"
    integrity sha512-BEmes/GII/02PNOHWlFUpXfuGPCV7kN4ABw6vmctoctix1PO+55D5GmjdSFAxwee58TC7r9nFm5gNvVE8scv1Q==
  
  train@^4.4.1:
    version "4.4.1"
    resolved "https://registry.yarnpkg.com/train/-/train-4.4.1.tgz#c9989d17480edb31dd68dd8769dfc4d302c2f683"
    integrity sha1-yZidF0gO2zHdaN2Had/E0wLC9oM=
    dependencies:
      bolgia ">=2.7.3"
