2019-09-29 21:53:57,637 INFO  - Starting HiveMQ Enterprise Server
2019-09-29 21:53:57,641 INFO  - HiveMQ version: 4.2.1
2019-09-29 21:53:57,641 INFO  - HiveMQ home directory: C:\Users\Hitendra\Desktop\iot_fall_2019\other files\hivemq-4.2.1
2019-09-29 21:53:57,645 INFO  - Log Configuration was overridden by C:\Users\Hitendra\Desktop\iot_fall_2019\other files\hivemq-4.2.1\conf\logback.xml
2019-09-29 21:53:58,110 INFO  - This node's ID is oLsTJ
2019-09-29 21:53:58,110 INFO  - Clustering is disabled
2019-09-29 21:54:11,187 INFO  - No valid license file found. Using trial license, restricted to 25 connections.
2019-09-29 21:54:15,855 INFO  - This node uses '4' CPU cores.
2019-09-29 21:54:15,871 INFO  - Starting HiveMQ extension system.
2019-09-29 21:54:18,971 INFO  - oLsTJ: no members discovered after 2007 ms: creating cluster as first member
2019-09-29 21:54:19,039 INFO  - No user for HiveMQ Control Center configured. Starting with default user
2019-09-29 21:54:19,039 INFO  - Starting HiveMQ Control Center on address 127.0.0.1 and port 8080
2019-09-29 21:54:19,727 INFO  - Control Center Audit Logging started.
2019-09-29 21:54:19,731 INFO  - Started HiveMQ Control Center in 692ms
2019-09-29 21:54:19,767 INFO  - Starting TCP listener on address 0.0.0.0 and port 1883
2019-09-29 21:54:20,297 INFO  - Started TCP Listener on address 0.0.0.0 and on port 1883
2019-09-29 21:54:20,297 INFO  - Started HiveMQ in 22722ms
2019-09-29 22:42:28,750 INFO  - Starting HiveMQ Enterprise Server
2019-09-29 22:42:28,754 INFO  - HiveMQ version: 4.2.1
2019-09-29 22:42:28,754 INFO  - HiveMQ home directory: C:\Users\Hitendra\Desktop\iot_fall_2019\other files\hivemq-4.2.1
2019-09-29 22:42:28,758 INFO  - Log Configuration was overridden by C:\Users\Hitendra\Desktop\iot_fall_2019\other files\hivemq-4.2.1\conf\logback.xml
2019-09-29 22:42:29,146 INFO  - This node's ID is uxLtb
2019-09-29 22:42:29,146 INFO  - Clustering is disabled
2019-09-29 22:42:36,602 INFO  - No valid license file found. Using trial license, restricted to 25 connections.
2019-09-29 22:42:38,594 INFO  - This node uses '4' CPU cores.
2019-09-29 22:42:38,606 INFO  - Starting HiveMQ extension system.
2019-09-29 22:42:41,662 INFO  - uxLtb: no members discovered after 2004 ms: creating cluster as first member
2019-09-29 22:42:41,698 INFO  - No user for HiveMQ Control Center configured. Starting with default user
2019-09-29 22:42:41,698 INFO  - Starting HiveMQ Control Center on address 127.0.0.1 and port 8080
2019-09-29 22:42:41,978 INFO  - Control Center Audit Logging started.
2019-09-29 22:42:41,978 INFO  - Started HiveMQ Control Center in 280ms
2019-09-29 22:42:41,998 INFO  - Starting TCP listener on address 0.0.0.0 and port 1883
2019-09-29 22:42:42,414 INFO  - Started TCP Listener on address 0.0.0.0 and on port 1883
2019-09-29 22:42:42,414 INFO  - Started HiveMQ in 13676ms
